<?xml version="1.0" encoding="UTF-8"?>
<!-- Generated by org.testng.reporters.JUnitReportReporter -->
<testsuite skipped="0" hostname="DESKTOP-BSK" name="com.crm.qa.testcases.HomePageTest" tests="3" failures="0" timestamp="15 Jul 2018 11:30:37 GMT" time="88.919" errors="0">
  <testcase name="verifySearchFriends" time="32.422" classname="com.crm.qa.testcases.HomePageTest"/>
  <testcase name="verifySearchFriends" time="35.199" classname="com.crm.qa.testcases.HomePageTest"/>
  <testcase name="verifySearchFriends" time="21.298" classname="com.crm.qa.testcases.HomePageTest"/>
</testsuite> <!-- com.crm.qa.testcases.HomePageTest -->
