<?xml version="1.0" encoding="UTF-8"?>
<!-- Generated by org.testng.reporters.JUnitReportReporter -->
<testsuite skipped="0" hostname="DESKTOP-BSK" name="com.crm.qa.testdata.LoginTest" tests="2" failures="0" timestamp="07 Jul 2018 08:03:45 GMT" time="125.782" errors="0">
  <testcase name="validateLoginPageTitle" time="46.888" classname="com.crm.qa.testdata.LoginTest"/>
  <testcase name="loginTest" time="78.894" classname="com.crm.qa.testdata.LoginTest"/>
</testsuite> <!-- com.crm.qa.testdata.LoginTest -->
