<?xml version="1.0" encoding="UTF-8"?>
<!-- Generated by org.testng.reporters.JUnitReportReporter -->
<testsuite skipped="0" hostname="DESKTOP-BSK" name="com.crm.qa.testcases.LoginTest" tests="2" failures="0" timestamp="14 Jul 2018 06:55:44 GMT" time="77.960" errors="0">
  <testcase name="validateLoginPageTitle" time="47.590" classname="com.crm.qa.testcases.LoginTest"/>
  <testcase name="loginTest" time="30.370" classname="com.crm.qa.testcases.LoginTest"/>
</testsuite> <!-- com.crm.qa.testcases.LoginTest -->
