<?xml version="1.0" encoding="UTF-8"?>
<!-- Generated by org.testng.reporters.JUnitReportReporter -->
<testsuite skipped="0" hostname="DESKTOP-BSK" name="com.crm.qa.testcases.LoginTest" tests="2" failures="0" timestamp="12 Jul 2018 06:58:07 GMT" time="43.577" errors="0">
  <testcase name="validateLoginPageTitle" time="10.322" classname="com.crm.qa.testcases.LoginTest"/>
  <testcase name="loginTest" time="33.255" classname="com.crm.qa.testcases.LoginTest"/>
</testsuite> <!-- com.crm.qa.testcases.LoginTest -->
