<?xml version="1.0" encoding="UTF-8"?>
<!-- Generated by org.testng.reporters.JUnitReportReporter -->
<testsuite skipped="0" hostname="DESKTOP-BSK" name="com.crm.qa.testcases.LoginTest" tests="2" failures="0" timestamp="14 Jul 2018 08:34:33 GMT" time="89.630" errors="0">
  <testcase name="validateLoginPageTitle" time="35.573" classname="com.crm.qa.testcases.LoginTest"/>
  <testcase name="loginTest" time="54.057" classname="com.crm.qa.testcases.LoginTest"/>
</testsuite> <!-- com.crm.qa.testcases.LoginTest -->
