<?xml version="1.0" encoding="UTF-8"?>
<!-- Generated by org.testng.reporters.JUnitReportReporter -->
<testsuite skipped="0" hostname="DESKTOP-BSK" name="com.crm.qa.testcases.HomePageTest" tests="3" failures="0" timestamp="15 Jul 2018 12:17:44 GMT" time="244.545" errors="0">
  <testcase name="verifySearchFriends" time="115.138" classname="com.crm.qa.testcases.HomePageTest"/>
  <testcase name="verifySearchFriends" time="57.082" classname="com.crm.qa.testcases.HomePageTest"/>
  <testcase name="verifySearchFriends" time="72.325" classname="com.crm.qa.testcases.HomePageTest"/>
</testsuite> <!-- com.crm.qa.testcases.HomePageTest -->
